Tamanho original (model.pt): 5.20 MB
Executando pipeline de exportação (PyTorch → ONNX → SavedModel → TFLite INT8)...
Ultralytics 8.3.155 🚀 Python-3.10.18 torch-2.4.1+cu121 CPU (AMD EPYC 4564P 16-Core Processor)
YOLO11n summary (fused): 100 layers, 2,582,737 parameters, 0 gradients, 6.3 GFLOPs

[34m[1mPyTorch:[0m starting from '/workspace/processoseletivoIA/projetos/3-deteccao-mascaras/model.pt' with input shape (1, 3, 640, 640) BCHW and output shape(s) (1, 7, 8400) (5.2 MB)
AttributeError: 'MessageFactory' object has no attribute 'GetPrototype'
AttributeError: 'MessageFactory' object has no attribute 'GetPrototype'
AttributeError: 'MessageFactory' object has no attribute 'GetPrototype'
AttributeError: 'MessageFactory' object has no attribute 'GetPrototype'
AttributeError: 'MessageFactory' object has no attribute 'GetPrototype'

[34m[1mTensorFlow SavedModel:[0m starting export with tensorflow 2.17.0...

[34m[1mONNX:[0m starting export with onnx 1.16.2 opset 19...
[34m[1mONNX:[0m slimming with onnxslim 0.1.94...
[34m[1mONNX:[0m export success ✅ 0.8s, saved as '/workspace/processoseletivoIA/projetos/3-deteccao-mascaras/model.onnx' (10.2 MB)
[34m[1mTensorFlow SavedModel:[0m starting TFLite export with onnx2tf 1.28.8...
Saved artifact at '/workspace/processoseletivoIA/projetos/3-deteccao-mascaras/model_saved_model'. The following endpoints are available:

* Endpoint 'serving_default'
  inputs_0 (POSITIONAL_ONLY): TensorSpec(shape=(1, 640, 640, 3), dtype=tf.float32, name='images')
Output Type:
  TensorSpec(shape=(1, 7, 8400), dtype=tf.float32, name=None)
Captures:
  131923914810016: TensorSpec(shape=(4, 2), dtype=tf.int32, name=None)
  131923914809664: TensorSpec(shape=(3, 3, 3, 16), dtype=tf.float32, name=None)
  131923914813184: TensorSpec(shape=(16,), dtype=tf.float32, name=None)
  131923915390496: TensorSpec(shape=(4, 2), dtype=tf.int32, name=None)
  131923915378000: TensorSpec(shape=(3, 3, 16, 32), dtype=tf.float32, name=None)
  131923915382224: TensorSpec(shape=(32,), dtype=tf.float32, name=None)
  131923913222880: TensorSpec(shape=(1, 1, 32, 32), dtype=tf.float32, name=None)
  131923913294416: TensorSpec(shape=(32,), dtype=tf.float32, name=None)
  131923913446272: TensorSpec(shape=(4,), dtype=tf.int64, name=None)
  131923913306032: TensorSpec(shape=(4,), dtype=tf.int64, name=None)
  131923913451200: TensorSpec(shape=(3, 3, 16, 8), dtype=tf.float32, name=None)
  131923913454016: TensorSpec(shape=(8,), dtype=tf.float32, name=None)
  131923913539280: TensorSpec(shape=(3, 3, 8, 16), dtype=tf.float32, name=None)
  131923913599888: TensorSpec(shape=(16,), dtype=tf.float32, name=None)
  131923913455424: TensorSpec(shape=(4,), dtype=tf.int64, name=None)
  131923913455600: TensorSpec(shape=(4,), dtype=tf.int64, name=None)
  131923913740304: TensorSpec(shape=(1, 1, 48, 64), dtype=tf.float32, name=None)
  131923913844240: TensorSpec(shape=(64,), dtype=tf.float32, name=None)
  131923913938320: TensorSpec(shape=(4, 2), dtype=tf.int32, name=None)
  131923913948528: TensorSpec(shape=(3, 3, 64, 64), dtype=tf.float32, name=None)
  131923913946944: TensorSpec(shape=(64,), dtype=tf.float32, name=None)
  131923914027632: TensorSpec(shape=(1, 1, 64, 64), dtype=tf.float32, name=None)
  131923914138976: TensorSpec(shape=(64,), dtype=tf.float32, name=None)
  131923914234112: TensorSpec(shape=(4,), dtype=tf.int64, name=None)
  131923914242384: TensorSpec(shape=(4,), dtype=tf.int64, name=None)
  131923913940256: TensorSpec(shape=(3, 3, 32, 16), dtype=tf.float32, name=None)
  131923914243264: TensorSpec(shape=(16,), dtype=tf.float32, name=None)
  131923912263104: TensorSpec(shape=(3, 3, 16, 32), dtype=tf.float32, name=None)
  131923912352240: TensorSpec(shape=(32,), dtype=tf.float32, name=None)
  131923914239920: TensorSpec(shape=(4,), dtype=tf.int64, name=None)
  131923914236224: TensorSpec(shape=(4,), dtype=tf.int64, name=None)
  131923912262928: TensorSpec(shape=(1, 1, 96, 128), dtype=tf.float32, name=None)
  131923912457056: TensorSpec(shape=(128,), dtype=tf.float32, name=None)
  131923912558016: TensorSpec(shape=(4, 2), dtype=tf.int32, name=None)
  131923912571920: TensorSpec(shape=(3, 3, 128, 128), dtype=tf.float32, name=None)
  131923912648384: TensorSpec(shape=(128,), dtype=tf.float32, name=None)
  131923912750384: TensorSpec(shape=(1, 1, 128, 128), dtype=tf.float32, name=None)
  131923912749504: TensorSpec(shape=(128,), dtype=tf.float32, name=None)
  131923912986464: TensorSpec(shape=(4,), dtype=tf.int64, name=None)
  131923912991920: TensorSpec(shape=(4,), dtype=tf.int64, name=None)
  131923912751440: TensorSpec(shape=(1, 1, 64, 32), dtype=tf.float32, name=None)
  131923912861024: TensorSpec(shape=(32,), dtype=tf.float32, name=None)
  131923913152768: TensorSpec(shape=(3, 3, 32, 32), dtype=tf.float32, name=None)
  131923913161568: TensorSpec(shape=(32,), dtype=tf.float32, name=None)
  131923911171888: TensorSpec(shape=(3, 3, 32, 32), dtype=tf.float32, name=None)
  131923911172416: TensorSpec(shape=(32,), dtype=tf.float32, name=None)
  131923911407776: TensorSpec(shape=(3, 3, 32, 32), dtype=tf.float32, name=None)
  131923911400208: TensorSpec(shape=(32,), dtype=tf.float32, name=None)
  131923911545552: TensorSpec(shape=(3, 3, 32, 32), dtype=tf.float32, name=None)
  131923912741760: TensorSpec(shape=(1, 1, 64, 32), dtype=tf.float32, name=None)
  131923911545728: TensorSpec(shape=(32,), dtype=tf.float32, name=None)
  131923912997376: TensorSpec(shape=(32,), dtype=tf.float32, name=None)
  131923911827424: TensorSpec(shape=(1, 1, 64, 64), dtype=tf.float32, name=None)
  131923911823376: TensorSpec(shape=(64,), dtype=tf.float32, name=None)
  131923912444736: TensorSpec(shape=(4,), dtype=tf.int64, name=None)
  131923912991568: TensorSpec(shape=(4,), dtype=tf.int64, name=None)
  131923911894368: TensorSpec(shape=(1, 1, 192, 128), dtype=tf.float32, name=None)
  131923911891728: TensorSpec(shape=(128,), dtype=tf.float32, name=None)
  131923911708688: TensorSpec(shape=(4, 2), dtype=tf.int32, name=None)
  131923911459408: TensorSpec(shape=(3, 3, 128, 256), dtype=tf.float32, name=None)
  131923911824256: TensorSpec(shape=(256,), dtype=tf.float32, name=None)
  131923914814768: TensorSpec(shape=(1, 1, 256, 256), dtype=tf.float32, name=None)
  131923915261376: TensorSpec(shape=(256,), dtype=tf.float32, name=None)
  131923918093504: TensorSpec(shape=(4,), dtype=tf.int64, name=None)
  131923918090688: TensorSpec(shape=(4,), dtype=tf.int64, name=None)
  131923918391072: TensorSpec(shape=(1, 1, 128, 64), dtype=tf.float32, name=None)
  131923918398992: TensorSpec(shape=(64,), dtype=tf.float32, name=None)
  131923945994224: TensorSpec(shape=(3, 3, 64, 64), dtype=tf.float32, name=None)
  131923945990176: TensorSpec(shape=(64,), dtype=tf.float32, name=None)
  131924017210368: TensorSpec(shape=(3, 3, 64, 64), dtype=tf.float32, name=None)
  131924017209664: TensorSpec(shape=(64,), dtype=tf.float32, name=None)
  131924021096192: TensorSpec(shape=(3, 3, 64, 64), dtype=tf.float32, name=None)
  131923945988416: TensorSpec(shape=(64,), dtype=tf.float32, name=None)
  131923912127968: TensorSpec(shape=(3, 3, 64, 64), dtype=tf.float32, name=None)
  131923918394944: TensorSpec(shape=(1, 1, 128, 64), dtype=tf.float32, name=None)
  131923912128320: TensorSpec(shape=(64,), dtype=tf.float32, name=None)
  131924784416368: TensorSpec(shape=(64,), dtype=tf.float32, name=None)
  131924782955712: TensorSpec(shape=(1, 1, 128, 128), dtype=tf.float32, name=None)
  131924782946384: TensorSpec(shape=(128,), dtype=tf.float32, name=None)
  131923918397760: TensorSpec(shape=(4,), dtype=tf.int64, name=None)
  131923918399872: TensorSpec(shape=(4,), dtype=tf.int64, name=None)
  131924782936864: TensorSpec(shape=(1, 1, 384, 256), dtype=tf.float32, name=None)
  131924782932992: TensorSpec(shape=(256,), dtype=tf.float32, name=None)
  131924782886304: TensorSpec(shape=(1, 1, 256, 128), dtype=tf.float32, name=None)
  131924782868688: TensorSpec(shape=(128,), dtype=tf.float32, name=None)
  131924782832048: TensorSpec(shape=(1, 1, 512, 256), dtype=tf.float32, name=None)
  131924782835040: TensorSpec(shape=(256,), dtype=tf.float32, name=None)
  131923914647760: TensorSpec(shape=(1, 1, 256, 256), dtype=tf.float32, name=None)
  131923914645648: TensorSpec(shape=(256,), dtype=tf.float32, name=None)
  131923914582224: TensorSpec(shape=(1, 1, 128, 256), dtype=tf.float32, name=None)
  131923914572368: TensorSpec(shape=(256,), dtype=tf.float32, name=None)
  131924785744528: TensorSpec(shape=(), dtype=tf.resource, name=None)
  131923918556672: TensorSpec(shape=(128,), dtype=tf.float32, name=None)
  131923946605728: TensorSpec(shape=(1, 1, 128, 128), dtype=tf.float32, name=None)
  131923946617168: TensorSpec(shape=(128,), dtype=tf.float32, name=None)
  131923946609600: TensorSpec(shape=(1, 1, 128, 256), dtype=tf.float32, name=None)
  131923946438000: TensorSpec(shape=(256,), dtype=tf.float32, name=None)
  131923946385152: TensorSpec(shape=(1, 1, 256, 128), dtype=tf.float32, name=None)
  131923946084432: TensorSpec(shape=(128,), dtype=tf.float32, name=None)
  131923946080736: TensorSpec(shape=(1, 1, 256, 256), dtype=tf.float32, name=None)
  131924021919808: TensorSpec(shape=(256,), dtype=tf.float32, name=None)
  131924021685840: TensorSpec(shape=(1, 1, 384, 128), dtype=tf.float32, name=None)
  131924021686896: TensorSpec(shape=(128,), dtype=tf.float32, name=None)
  131924021992032: TensorSpec(shape=(4,), dtype=tf.int64, name=None)
  131924021995200: TensorSpec(shape=(4,), dtype=tf.int64, name=None)
  131924021851088: TensorSpec(shape=(3, 3, 64, 32), dtype=tf.float32, name=None)
  131924021993264: TensorSpec(shape=(32,), dtype=tf.float32, name=None)
  131924021734464: TensorSpec(shape=(3, 3, 32, 64), dtype=tf.float32, name=None)
  131924021728128: TensorSpec(shape=(64,), dtype=tf.float32, name=None)
  131924021989040: TensorSpec(shape=(4,), dtype=tf.int64, name=None)
  131924021996432: TensorSpec(shape=(4,), dtype=tf.int64, name=None)
  131923916519936: TensorSpec(shape=(1, 1, 192, 128), dtype=tf.float32, name=None)
  131923916517296: TensorSpec(shape=(128,), dtype=tf.float32, name=None)
  131923916132368: TensorSpec(shape=(1, 1, 256, 64), dtype=tf.float32, name=None)
  131923916134128: TensorSpec(shape=(64,), dtype=tf.float32, name=None)
  131924784520480: TensorSpec(shape=(4,), dtype=tf.int64, name=None)
  131924784521008: TensorSpec(shape=(4,), dtype=tf.int64, name=None)
  131923916015040: TensorSpec(shape=(3, 3, 32, 16), dtype=tf.float32, name=None)
  131923916026304: TensorSpec(shape=(16,), dtype=tf.float32, name=None)
  131923916458816: TensorSpec(shape=(3, 3, 16, 32), dtype=tf.float32, name=None)
  131924784573504: TensorSpec(shape=(32,), dtype=tf.float32, name=None)
  131924784515728: TensorSpec(shape=(4,), dtype=tf.int64, name=None)
  131924784520128: TensorSpec(shape=(4,), dtype=tf.int64, name=None)
  131924784081280: TensorSpec(shape=(1, 1, 96, 64), dtype=tf.float32, name=None)
  131924784082160: TensorSpec(shape=(64,), dtype=tf.float32, name=None)
  131924784083040: TensorSpec(shape=(4, 2), dtype=tf.int32, name=None)
  131924784679040: TensorSpec(shape=(3, 3, 64, 64), dtype=tf.float32, name=None)
  131924783969408: TensorSpec(shape=(64,), dtype=tf.float32, name=None)
  131924018660448: TensorSpec(shape=(1, 1, 192, 128), dtype=tf.float32, name=None)
  131924018668016: TensorSpec(shape=(128,), dtype=tf.float32, name=None)
  131924017193984: TensorSpec(shape=(4,), dtype=tf.int64, name=None)
  131924017187824: TensorSpec(shape=(4,), dtype=tf.int64, name=None)
  131924017190464: TensorSpec(shape=(3, 3, 64, 32), dtype=tf.float32, name=None)
  131924017197856: TensorSpec(shape=(32,), dtype=tf.float32, name=None)
  131924017781520: TensorSpec(shape=(3, 3, 32, 64), dtype=tf.float32, name=None)
  131924017561664: TensorSpec(shape=(64,), dtype=tf.float32, name=None)
  131924017192048: TensorSpec(shape=(4,), dtype=tf.int64, name=None)
  131924017192224: TensorSpec(shape=(4,), dtype=tf.int64, name=None)
  131924017776768: TensorSpec(shape=(1, 1, 192, 128), dtype=tf.float32, name=None)
  131924017578752: TensorSpec(shape=(128,), dtype=tf.float32, name=None)
  131924014935456: TensorSpec(shape=(4, 2), dtype=tf.int32, name=None)
  131924014924896: TensorSpec(shape=(3, 3, 128, 128), dtype=tf.float32, name=None)
  131924014878912: TensorSpec(shape=(128,), dtype=tf.float32, name=None)
  131924015292736: TensorSpec(shape=(1, 1, 384, 256), dtype=tf.float32, name=None)
  131924015271952: TensorSpec(shape=(256,), dtype=tf.float32, name=None)
  131924019233712: TensorSpec(shape=(4,), dtype=tf.int64, name=None)
  131924019237408: TensorSpec(shape=(4,), dtype=tf.int64, name=None)
  131924019476816: TensorSpec(shape=(1, 1, 128, 64), dtype=tf.float32, name=None)
  131924019237936: TensorSpec(shape=(64,), dtype=tf.float32, name=None)
  131924019879200: TensorSpec(shape=(3, 3, 64, 64), dtype=tf.float32, name=None)
  131924019880960: TensorSpec(shape=(64,), dtype=tf.float32, name=None)
  131924019276688: TensorSpec(shape=(3, 3, 64, 64), dtype=tf.float32, name=None)
  131924019268768: TensorSpec(shape=(64,), dtype=tf.float32, name=None)
  131924020031760: TensorSpec(shape=(3, 3, 64, 64), dtype=tf.float32, name=None)
  131924020651712: TensorSpec(shape=(64,), dtype=tf.float32, name=None)
  131924020029296: TensorSpec(shape=(3, 3, 64, 64), dtype=tf.float32, name=None)
  131924019243040: TensorSpec(shape=(1, 1, 128, 64), dtype=tf.float32, name=None)
  131924020624576: TensorSpec(shape=(64,), dtype=tf.float32, name=None)
  131924019246384: TensorSpec(shape=(64,), dtype=tf.float32, name=None)
  131924020898880: TensorSpec(shape=(1, 1, 128, 128), dtype=tf.float32, name=None)
  131924020560288: TensorSpec(shape=(128,), dtype=tf.float32, name=None)
  131924019235472: TensorSpec(shape=(4,), dtype=tf.int64, name=None)
  131924019235648: TensorSpec(shape=(4,), dtype=tf.int64, name=None)
  131924020410352: TensorSpec(shape=(1, 1, 384, 256), dtype=tf.float32, name=None)
  131924020398560: TensorSpec(shape=(256,), dtype=tf.float32, name=None)
  131924020174112: TensorSpec(shape=(3, 3, 256, 1), dtype=tf.float32, name=None)
  131924015482128: TensorSpec(shape=(3, 3, 128, 1), dtype=tf.float32, name=None)
  131924783915856: TensorSpec(shape=(3, 3, 64, 1), dtype=tf.float32, name=None)
  131924020173936: TensorSpec(shape=(256,), dtype=tf.float32, name=None)
  131924015481952: TensorSpec(shape=(128,), dtype=tf.float32, name=None)
  131924783915680: TensorSpec(shape=(64,), dtype=tf.float32, name=None)
  131924015850672: TensorSpec(shape=(1, 1, 256, 64), dtype=tf.float32, name=None)
  131924015287456: TensorSpec(shape=(1, 1, 128, 64), dtype=tf.float32, name=None)
  131924017882992: TensorSpec(shape=(1, 1, 64, 64), dtype=tf.float32, name=None)
  131924016729952: TensorSpec(shape=(64,), dtype=tf.float32, name=None)
  131924015287632: TensorSpec(shape=(64,), dtype=tf.float32, name=None)
  131924018661680: TensorSpec(shape=(64,), dtype=tf.float32, name=None)
  131924015770512: TensorSpec(shape=(3, 3, 64, 1), dtype=tf.float32, name=None)
  131924020406304: TensorSpec(shape=(3, 3, 256, 64), dtype=tf.float32, name=None)
  131924019472768: TensorSpec(shape=(3, 3, 64, 1), dtype=tf.float32, name=None)
  131924014875392: TensorSpec(shape=(3, 3, 128, 64), dtype=tf.float32, name=None)
  131924018272336: TensorSpec(shape=(3, 3, 64, 1), dtype=tf.float32, name=None)
  131924783970288: TensorSpec(shape=(3, 3, 64, 64), dtype=tf.float32, name=None)
  131924015770336: TensorSpec(shape=(64,), dtype=tf.float32, name=None)
  131924020277872: TensorSpec(shape=(64,), dtype=tf.float32, name=None)
  131924019471888: TensorSpec(shape=(64,), dtype=tf.float32, name=None)
  131924014879088: TensorSpec(shape=(64,), dtype=tf.float32, name=None)
  131924018281312: TensorSpec(shape=(64,), dtype=tf.float32, name=None)
  131924783909344: TensorSpec(shape=(64,), dtype=tf.float32, name=None)
  131924015773504: TensorSpec(shape=(1, 1, 64, 64), dtype=tf.float32, name=None)
  131924020062416: TensorSpec(shape=(3, 3, 64, 64), dtype=tf.float32, name=None)
  131924019012784: TensorSpec(shape=(1, 1, 64, 64), dtype=tf.float32, name=None)
  131924014806320: TensorSpec(shape=(3, 3, 64, 64), dtype=tf.float32, name=None)
  131924017763200: TensorSpec(shape=(1, 1, 64, 64), dtype=tf.float32, name=None)
  131924783962192: TensorSpec(shape=(3, 3, 64, 64), dtype=tf.float32, name=None)
  131924016708272: TensorSpec(shape=(64,), dtype=tf.float32, name=None)
  131924015855424: TensorSpec(shape=(64,), dtype=tf.float32, name=None)
  131924019007328: TensorSpec(shape=(64,), dtype=tf.float32, name=None)
  131924015292208: TensorSpec(shape=(64,), dtype=tf.float32, name=None)
  131924017764256: TensorSpec(shape=(64,), dtype=tf.float32, name=None)
  131924017884048: TensorSpec(shape=(64,), dtype=tf.float32, name=None)
  131924016708624: TensorSpec(shape=(1, 1, 64, 3), dtype=tf.float32, name=None)
  131924016498112: TensorSpec(shape=(1, 1, 64, 64), dtype=tf.float32, name=None)
  131924019442464: TensorSpec(shape=(1, 1, 64, 3), dtype=tf.float32, name=None)
  131924019389968: TensorSpec(shape=(1, 1, 64, 64), dtype=tf.float32, name=None)
  131924017570992: TensorSpec(shape=(1, 1, 64, 3), dtype=tf.float32, name=None)
  131924018403936: TensorSpec(shape=(1, 1, 64, 64), dtype=tf.float32, name=None)
  131924016512544: TensorSpec(shape=(64,), dtype=tf.float32, name=None)
  131924016495984: TensorSpec(shape=(3,), dtype=tf.float32, name=None)
  131924019464672: TensorSpec(shape=(64,), dtype=tf.float32, name=None)
  131924019437008: TensorSpec(shape=(3,), dtype=tf.float32, name=None)
  131924018266352: TensorSpec(shape=(64,), dtype=tf.float32, name=None)
  131924017010240: TensorSpec(shape=(3,), dtype=tf.float32, name=None)
  131923910263728: TensorSpec(shape=(3,), dtype=tf.int64, name=None)
  131923910265488: TensorSpec(shape=(3,), dtype=tf.int64, name=None)
  131923910447824: TensorSpec(shape=(1, 1, 16, 1), dtype=tf.float32, name=None)
  131923910633152: TensorSpec(shape=(1, 4, 8400), dtype=tf.float32, name=None)
  131923910625408: TensorSpec(shape=(3,), dtype=tf.int64, name=None)
  131923910630688: TensorSpec(shape=(3,), dtype=tf.int64, name=None)
  131923910634736: TensorSpec(shape=(3,), dtype=tf.int64, name=None)
  131923910634208: TensorSpec(shape=(3,), dtype=tf.int64, name=None)
  131923910627520: TensorSpec(shape=(1, 2, 8400), dtype=tf.float32, name=None)
  131923910139520: TensorSpec(shape=(1, 2, 8400), dtype=tf.float32, name=None)
  131923910447472: TensorSpec(shape=(3,), dtype=tf.int64, name=None)
  131923910450816: TensorSpec(shape=(3,), dtype=tf.int64, name=None)
WARNING: All log messages before absl::InitializeLog() is called are written to STDERR
I0000 00:00:1784865265.443146    8368 devices.cc:67] Number of eligible GPUs (core count >= 8, compute capability >= 0.0): 0
WARNING: All log messages before absl::InitializeLog() is called are written to STDERR
W0000 00:00:1784865265.898083    8368 tf_tfl_flatbuffer_helpers.cc:392] Ignored output_format.
W0000 00:00:1784865265.898106    8368 tf_tfl_flatbuffer_helpers.cc:395] Ignored drop_control_dependency.
I0000 00:00:1784865266.300052    8368 devices.cc:67] Number of eligible GPUs (core count >= 8, compute capability >= 0.0): 0
W0000 00:00:1784865266.998130    8368 tf_tfl_flatbuffer_helpers.cc:392] Ignored output_format.
W0000 00:00:1784865266.998149    8368 tf_tfl_flatbuffer_helpers.cc:395] Ignored drop_control_dependency.
[34m[1mTensorFlow SavedModel:[0m export success ✅ 9.2s, saved as '/workspace/processoseletivoIA/projetos/3-deteccao-mascaras/model_saved_model' (25.8 MB)

[34m[1mTensorFlow Lite:[0m starting export with tensorflow 2.17.0...
[34m[1mTensorFlow Lite:[0m export success ✅ 0.0s, saved as '/workspace/processoseletivoIA/projetos/3-deteccao-mascaras/model_saved_model/model_float32.tflite' (10.2 MB)

Export complete (9.4s)
Results saved to [1m/workspace/processoseletivoIA/projetos/3-deteccao-mascaras[0m
Predict:         yolo predict task=detect model=/workspace/processoseletivoIA/projetos/3-deteccao-mascaras/model_saved_model/model_float32.tflite imgsz=640  
Validate:        yolo val task=detect model=/workspace/processoseletivoIA/projetos/3-deteccao-mascaras/model_saved_model/model_float32.tflite imgsz=640 data=/workspace/processoseletivoIA/projetos/3-deteccao-mascaras/dataset/data.yaml  
Visualize:       https://netron.app

Artefato original em: /workspace/processoseletivoIA/projetos/3-deteccao-mascaras/model_saved_model/model_float32.tflite

TFLite INT8 salvo em: /workspace/processoseletivoIA/projetos/3-deteccao-mascaras/model.tflite
model.pt      : 5.20 MB
model.tflite  : 10.17 MB
Redução       : -95.3%
